2020-02-16 15:12:17.115 [main] INFO  com.theo.springbootdemo.SpringbootDemoApplication
                -
                Starting SpringbootDemoApplication on DESKTOP-9B1VRLC with PID 11180 (M:\workspace\springboot-demo\target\classes started by Fran in M:\workspace\springboot-demo)
2020-02-16 15:12:17.115 [main] INFO  com.theo.springbootdemo.SpringbootDemoApplication
                -
                The following profiles are active: dev
2020-02-16 15:12:17.897 [main] INFO  o.s.boot.web.embedded.tomcat.TomcatWebServer
                -
                Tomcat initialized with port(s): 8181 (http)
2020-02-16 15:12:17.897 [main] INFO  org.apache.coyote.http11.Http11NioProtocol
                -
                Initializing ProtocolHandler ["http-nio-8181"]
2020-02-16 15:12:17.897 [main] INFO  org.apache.catalina.core.StandardService
                -
                Starting service [Tomcat]
2020-02-16 15:12:17.897 [main] INFO  org.apache.catalina.core.StandardEngine
                -
                Starting Servlet engine: [Apache Tomcat/9.0.30]
2020-02-16 15:12:17.959 [main] INFO  o.a.c.core.ContainerBase.[Tomcat].[localhost].[/]
                -
                Initializing Spring embedded WebApplicationContext
2020-02-16 15:12:17.959 [main] INFO  org.springframework.web.context.ContextLoader
                -
                Root WebApplicationContext: initialization completed in 812 ms
2020-02-16 15:12:18.209 [main] INFO  o.s.scheduling.concurrent.ThreadPoolTaskExecutor
                -
                Initializing ExecutorService 'applicationTaskExecutor'
2020-02-16 15:12:18.334 [main] INFO  org.apache.coyote.http11.Http11NioProtocol
                -
                Starting ProtocolHandler ["http-nio-8181"]
2020-02-16 15:12:18.350 [main] INFO  o.s.boot.web.embedded.tomcat.TomcatWebServer
                -
                Tomcat started on port(s): 8181 (http) with context path ''
2020-02-16 15:12:18.350 [main] INFO  com.theo.springbootdemo.SpringbootDemoApplication
                -
                Started SpringbootDemoApplication in 1.49 seconds (JVM running for 2.181)
2020-02-16 15:12:47.441 [main] INFO  com.theo.springbootdemo.SpringbootDemoApplication-Starting SpringbootDemoApplication on DESKTOP-9B1VRLC with PID 13152 (M:\workspace\springboot-demo\target\classes started by Fran in M:\workspace\springboot-demo)
2020-02-16 15:12:47.441 [main] INFO  com.theo.springbootdemo.SpringbootDemoApplication-The following profiles are active: dev
2020-02-16 15:12:48.191 [main] INFO  o.s.boot.web.embedded.tomcat.TomcatWebServer-Tomcat initialized with port(s): 8181 (http)
2020-02-16 15:12:48.191 [main] INFO  org.apache.coyote.http11.Http11NioProtocol-Initializing ProtocolHandler ["http-nio-8181"]
2020-02-16 15:12:48.191 [main] INFO  org.apache.catalina.core.StandardService-Starting service [Tomcat]
2020-02-16 15:12:48.191 [main] INFO  org.apache.catalina.core.StandardEngine-Starting Servlet engine: [Apache Tomcat/9.0.30]
2020-02-16 15:12:48.253 [main] INFO  o.a.c.core.ContainerBase.[Tomcat].[localhost].[/]-Initializing Spring embedded WebApplicationContext
2020-02-16 15:12:48.253 [main] INFO  org.springframework.web.context.ContextLoader-Root WebApplicationContext: initialization completed in 781 ms
2020-02-16 15:12:48.503 [main] INFO  o.s.scheduling.concurrent.ThreadPoolTaskExecutor-Initializing ExecutorService 'applicationTaskExecutor'
2020-02-16 15:12:48.628 [main] INFO  org.apache.coyote.http11.Http11NioProtocol-Starting ProtocolHandler ["http-nio-8181"]
2020-02-16 15:12:48.644 [main] INFO  o.s.boot.web.embedded.tomcat.TomcatWebServer-Tomcat started on port(s): 8181 (http) with context path ''
2020-02-16 15:12:48.644 [main] INFO  com.theo.springbootdemo.SpringbootDemoApplication-Started SpringbootDemoApplication in 1.457 seconds (JVM running for 2.133)
2020-02-16 15:13:46.476 [main] INFO  com.theo.springbootdemo.SpringbootDemoApplication-Starting SpringbootDemoApplication on DESKTOP-9B1VRLC with PID 796 (M:\workspace\springboot-demo\target\classes started by Fran in M:\workspace\springboot-demo)
2020-02-16 15:13:46.476 [main] INFO  com.theo.springbootdemo.SpringbootDemoApplication-The following profiles are active: dev
2020-02-16 15:13:47.195 [main] INFO  o.s.boot.web.embedded.tomcat.TomcatWebServer-Tomcat initialized with port(s): 8181 (http)
2020-02-16 15:13:47.195 [main] INFO  org.apache.coyote.http11.Http11NioProtocol-Initializing ProtocolHandler ["http-nio-8181"]
2020-02-16 15:13:47.195 [main] INFO  org.apache.catalina.core.StandardService-Starting service [Tomcat]
2020-02-16 15:13:47.195 [main] INFO  org.apache.catalina.core.StandardEngine-Starting Servlet engine: [Apache Tomcat/9.0.30]
2020-02-16 15:13:47.257 [main] INFO  o.a.c.core.ContainerBase.[Tomcat].[localhost].[/]-Initializing Spring embedded WebApplicationContext
2020-02-16 15:13:47.257 [main] INFO  org.springframework.web.context.ContextLoader-Root WebApplicationContext: initialization completed in 750 ms
2020-02-16 15:13:47.507 [main] INFO  o.s.scheduling.concurrent.ThreadPoolTaskExecutor-Initializing ExecutorService 'applicationTaskExecutor'
2020-02-16 15:13:47.632 [main] INFO  org.apache.coyote.http11.Http11NioProtocol-Starting ProtocolHandler ["http-nio-8181"]
2020-02-16 15:13:47.648 [main] INFO  o.s.boot.web.embedded.tomcat.TomcatWebServer-Tomcat started on port(s): 8181 (http) with context path ''
2020-02-16 15:13:47.648 [main] INFO  com.theo.springbootdemo.SpringbootDemoApplication-Started SpringbootDemoApplication in 1.419 seconds (JVM running for 2.092)
2020-02-16 15:13:58.823 [http-nio-8181-exec-1] INFO  o.a.c.core.ContainerBase.[Tomcat].[localhost].[/]-Initializing Spring DispatcherServlet 'dispatcherServlet'
2020-02-16 15:13:58.824 [http-nio-8181-exec-1] INFO  org.springframework.web.servlet.DispatcherServlet-Initializing Servlet 'dispatcherServlet'
2020-02-16 15:13:58.827 [http-nio-8181-exec-1] INFO  org.springframework.web.servlet.DispatcherServlet-Completed initialization in 3 ms
2020-02-16 15:13:58.869 [http-nio-8181-exec-1] INFO  com.alibaba.druid.pool.DruidDataSource-{dataSource-1} inited
2020-02-16 20:08:31.697 [main] INFO  com.theo.springbootdemo.SpringbootDemoApplication-Starting SpringbootDemoApplication on DESKTOP-9B1VRLC with PID 7152 (M:\workspace\springboot-demo\target\classes started by Fran in M:\workspace\springboot-demo)
2020-02-16 20:08:31.697 [main] INFO  com.theo.springbootdemo.SpringbootDemoApplication-The following profiles are active: dev
2020-02-16 20:08:32.431 [main] INFO  o.s.boot.web.embedded.tomcat.TomcatWebServer-Tomcat initialized with port(s): 8181 (http)
2020-02-16 20:08:32.431 [main] INFO  org.apache.coyote.http11.Http11NioProtocol-Initializing ProtocolHandler ["http-nio-8181"]
2020-02-16 20:08:32.431 [main] INFO  org.apache.catalina.core.StandardService-Starting service [Tomcat]
2020-02-16 20:08:32.431 [main] INFO  org.apache.catalina.core.StandardEngine-Starting Servlet engine: [Apache Tomcat/9.0.30]
2020-02-16 20:08:32.494 [main] INFO  o.a.c.core.ContainerBase.[Tomcat].[localhost].[/]-Initializing Spring embedded WebApplicationContext
2020-02-16 20:08:32.494 [main] INFO  org.springframework.web.context.ContextLoader-Root WebApplicationContext: initialization completed in 766 ms
2020-02-16 20:08:32.744 [main] INFO  o.s.scheduling.concurrent.ThreadPoolTaskExecutor-Initializing ExecutorService 'applicationTaskExecutor'
2020-02-16 20:08:32.869 [main] INFO  org.apache.coyote.http11.Http11NioProtocol-Starting ProtocolHandler ["http-nio-8181"]
2020-02-16 20:08:32.884 [main] INFO  o.s.boot.web.embedded.tomcat.TomcatWebServer-Tomcat started on port(s): 8181 (http) with context path ''
2020-02-16 20:08:32.884 [main] INFO  com.theo.springbootdemo.SpringbootDemoApplication-Started SpringbootDemoApplication in 1.448 seconds (JVM running for 2.129)
2020-02-16 20:09:15.970 [http-nio-8181-exec-1] INFO  o.a.c.core.ContainerBase.[Tomcat].[localhost].[/]-Initializing Spring DispatcherServlet 'dispatcherServlet'
2020-02-16 20:09:15.970 [http-nio-8181-exec-1] INFO  org.springframework.web.servlet.DispatcherServlet-Initializing Servlet 'dispatcherServlet'
2020-02-16 20:09:15.974 [http-nio-8181-exec-1] INFO  org.springframework.web.servlet.DispatcherServlet-Completed initialization in 4 ms
2020-02-16 20:09:16.016 [http-nio-8181-exec-1] INFO  com.alibaba.druid.pool.DruidDataSource-{dataSource-1} inited
